<?xml version="1.0" encoding="UTF-8"?>
<Site BuildName="Win32-mingw32-make"
	BuildStamp="20230904-0541-Experimental"
	Name="sajith"
	Generator="ctest-3.27.2"
	CompilerName="C:/MinGW/bin/g++.exe"
	CompilerVersion=""
	OSName="Windows"
	Hostname="sajith"
	OSRelease=" Personal"
	OSVersion=" (Build 19045)"
	OSPlatform="AMD64"
	Is64Bits="1"
	VendorString="GenuineIntel"
	VendorID="Intel Corporation"
	FamilyID="6"
	ModelID="12"
	ProcessorCacheSize="-1"
	NumberOfLogicalCPU="8"
	NumberOfPhysicalCPU="4"
	TotalVirtualMemory="20691"
	TotalPhysicalMemory="7873"
	LogicalProcessorsPerPhysical="2"
	ProcessorClockFrequency="2419"
	>
	<Testing>
		<StartDateTime>Sep 04 11:22 Sri Lanka Standard Time</StartDateTime>
		<StartTestTime>1693806774</StartTestTime>
		<TestList/>
		<EndDateTime>Sep 04 11:22 Sri Lanka Standard Time</EndDateTime>
		<EndTestTime>1693806774</EndTestTime>
		<ElapsedMinutes>0</ElapsedMinutes>
	</Testing>
</Site>
